Traceback (most recent call last):
  File "/Users/slinden/S&L/14 UAS Frankfurt/03 SoSe26/99 Skript/venv/lib/python3.14/site-packages/jupyter_cache/executors/utils.py", line 58, in single_nb_execution
    executenb(
    ~~~~~~~~~^
        nb,
        ^^^
    ...<4 lines>...
        **kwargs,
        ^^^^^^^^^
    )
    ^
  File "/Users/slinden/S&L/14 UAS Frankfurt/03 SoSe26/99 Skript/venv/lib/python3.14/site-packages/nbclient/client.py", line 1323, in execute
    return NotebookClient(nb=nb, resources=resources, km=km, **kwargs).execute()
           ~~~~~~~~~~~~~~~~~~~~~~~~~~~~~~~~~~~~~~~~~~~~~~~~~~~~~~~~~~~~~~~~~~~^^
  File "/Users/slinden/S&L/14 UAS Frankfurt/03 SoSe26/99 Skript/venv/lib/python3.14/site-packages/jupyter_core/utils/__init__.py", line 165, in wrapped
    return loop.run_until_complete(inner)
           ~~~~~~~~~~~~~~~~~~~~~~~^^^^^^^
  File "/usr/local/Cellar/python@3.14/3.14.3_1/Frameworks/Python.framework/Versions/3.14/lib/python3.14/asyncio/base_events.py", line 719, in run_until_complete
    return future.result()
           ~~~~~~~~~~~~~^^
  File "/Users/slinden/S&L/14 UAS Frankfurt/03 SoSe26/99 Skript/venv/lib/python3.14/site-packages/nbclient/client.py", line 709, in async_execute
    await self.async_execute_cell(
        cell, index, execution_count=self.code_cells_executed + 1
    )
  File "/Users/slinden/S&L/14 UAS Frankfurt/03 SoSe26/99 Skript/venv/lib/python3.14/site-packages/nbclient/client.py", line 1062, in async_execute_cell
    await self._check_raise_for_error(cell, cell_index, exec_reply)
  File "/Users/slinden/S&L/14 UAS Frankfurt/03 SoSe26/99 Skript/venv/lib/python3.14/site-packages/nbclient/client.py", line 918, in _check_raise_for_error
    raise CellExecutionError.from_cell_and_msg(cell, exec_reply_content)
nbclient.exceptions.CellExecutionError: An error occurred while executing the following cell:
------------------
import numpy as np
import plotly.graph_objects as go

def vektorwertige_funktion(x, y):
    """Berechnet die vektorwertige Funktion f(x,y) = (x² - y, xy, x + y²)"""
    f1 = x**2 - y
    f2 = x * y
    f3 = x + y**2
    return np.array([f1, f2, f3])

"""Erstellt eine Visualisierung der vektorwertigen Funktion"""
# Definiere den Bereich
bereich = [-3, 3]
schrittweite = 0.3

# Erzeuge Gitter mit der gegebenen Schrittweite
x = np.arange(bereich[0], bereich[1] + 0.01, schrittweite)
y = np.arange(bereich[0], bereich[1] + 0.01, schrittweite)
X, Y = np.meshgrid(x, y)

# Arrays für Startpunkte
startX = X.flatten()
startY = Y.flatten()
startZ = np.zeros_like(startX)

# Arrays für die Vektoren
linien_x = []
linien_y = []
linien_z = []

# Arrays für Hover-Texte
hoverTexts = []

# Skalierungsfaktor für Vektorlängen
skalierungsfaktor = 0.2

# Berechne die Vektoren und erstelle Linien
for i in range(len(startX)):
    x_start = startX[i]
    y_start = startY[i]
    z_start = startZ[i]
    #
    # Berechne Vektor
    vektor = vektorwertige_funktion(x_start, y_start)
    vektor_betrag = np.linalg.norm(vektor)
    #
    # Hover-Text
    hoverTexts.append(f"Punkt: ({x_start:.1f}, {y_start:.1f})<br>f(x,y): ({vektor[0]:.1f}, {vektor[1]:.1f}, {vektor[2]:.1f})<br>|f(x,y)|: {vektor_betrag:.1f}")
    #
    # Normalisiere Vektor
    if vektor_betrag > 1e-10:
        richtung = vektor / vektor_betrag
    else:
        richtung = np.array([0, 0, 0])
    #
    # Skaliere Vektor
    pfeil_laenge = vektor_betrag * skalierungsfaktor
    #
    # Berechne Endpunkt
    x_end = x_start + richtung[0] * pfeil_laenge
    y_end = y_start + richtung[1] * pfeil_laenge
    z_end = z_start + richtung[2] * pfeil_laenge
    #
    # Füge Liniensegment hinzu
    linien_x.extend([x_start, x_end, None])
    linien_y.extend([y_start, y_end, None])
    linien_z.extend([z_start, z_end, None])

# Erstelle Figur
fig = go.Figure()

# Füge transparente xy-Ebene hinzu
fig.add_trace(
    go.Surface(
        x=np.array([-3.5, 3.5]),
        y=np.array([-3.5, 3.5]),
        z=np.zeros((2, 2)),
        opacity=0.25,
        showscale=False,
        colorscale=[[0, '#f3f4f4'], [1, '#f3f4f4']],
        name='xy-Ebene'
    )
)

# Füge Vektoren als Linien hinzu
fig.add_trace(
    go.Scatter3d(
        x=linien_x,
        y=linien_y,
        z=linien_z,
        mode='lines',
        line=dict(
            color='royalblue',
            width=2
        ),
        showlegend=False,
        hoverinfo='none'
    )
)

# Füge Startpunkte hinzu
fig.add_trace(
    go.Scatter3d(
        x=startX,
        y=startY,
        z=startZ,
        mode='markers',
        marker=dict(
            size=4,
            color='darkblue',
            opacity=0.8
        ),
        hoverinfo='text',
        hovertext=hoverTexts,
        showlegend=False
    )
)

# Layout-Anpassungen
fig.update_layout(
    title='Vektorwertige Funktion f(x,y) = (x² - y, xy, x + y²)',
    scene=dict(
        xaxis=dict(title='x', range=[-3.5, 3.5]),
        yaxis=dict(title='y', range=[-3.5, 3.5]),
        zaxis=dict(title='z', range=[-2.5, 3.5]),
        aspectmode='cube',
        camera=dict(
            eye=dict(x=1.6, y=1.6, z=0.9)
        )
    ),
    margin=dict(l=0, r=0, b=0, t=30),
    legend=dict(
        y=0.95,
        x=0.95
    )
)

# Speichert die Figur als interaktives HTML
fig.write_html("plots/vektorwertige_funktion.html")
------------------


[31m---------------------------------------------------------------------------[39m
[31mFileNotFoundError[39m                         Traceback (most recent call last)
[36mCell[39m[36m [39m[32mIn[1][39m[32m, line 139[39m
[32m    135[39m     )
[32m    136[39m )
[32m    137[39m 
[32m    138[39m [38;5;66;03m# Speichert die Figur als interaktives HTML[39;00m
[32m--> [39m[32m139[39m fig.write_html([33m"plots/vektorwertige_funktion.html"[39m)

[36mFile [39m[32m~/S&L/14 UAS Frankfurt/03 SoSe26/99 Skript/venv/lib/python3.14/site-packages/plotly/basedatatypes.py:3712[39m, in [36mBaseFigure.write_html[39m[34m(self, *args, **kwargs)[39m
[32m   3609[39m [38;5;250m[39m[33;03m"""[39;00m
[32m   3610[39m [33;03mWrite a figure to an HTML file representation[39;00m
[32m   3611[39m 
[32m   (...)[39m[32m   3708[39m [33;03mNone[39;00m
[32m   3709[39m [33;03m"""[39;00m
[32m   3710[39m [38;5;28;01mimport[39;00m[38;5;250m [39m[34;01mplotly[39;00m[34;01m.[39;00m[34;01mio[39;00m[38;5;250m [39m[38;5;28;01mas[39;00m[38;5;250m [39m[34;01mpio[39;00m
[32m-> [39m[32m3712[39m [38;5;28;01mreturn[39;00m [43mpio[49m[43m.[49m[43mwrite_html[49m[43m([49m[38;5;28;43mself[39;49m[43m,[49m[43m [49m[43m*[49m[43margs[49m[43m,[49m[43m [49m[43m*[49m[43m*[49m[43mkwargs[49m[43m)[49m

[36mFile [39m[32m~/S&L/14 UAS Frankfurt/03 SoSe26/99 Skript/venv/lib/python3.14/site-packages/plotly/io/_html.py:503[39m, in [36mwrite_html[39m[34m(fig, file, config, auto_play, include_plotlyjs, include_mathjax, post_script, full_html, animation_opts, validate, default_width, default_height, auto_open, div_id)[39m
[32m    500[39m [38;5;66;03m# Write HTML string[39;00m
[32m    501[39m [38;5;28;01mif[39;00m path [38;5;129;01mis[39;00m [38;5;129;01mnot[39;00m [38;5;28;01mNone[39;00m:
[32m    502[39m     [38;5;66;03m# To use a different file encoding, pass a file descriptor[39;00m
[32m--> [39m[32m503[39m     [43mpath[49m[43m.[49m[43mwrite_text[49m[43m([49m[43mhtml_str[49m[43m,[49m[43m [49m[33;43m"[39;49m[33;43mutf-8[39;49m[33;43m"[39;49m[43m)[49m
[32m    504[39m [38;5;28;01melse[39;00m:
[32m    505[39m     file.write(html_str)

[36mFile [39m[32m/usr/local/Cellar/python@3.14/3.14.3_1/Frameworks/Python.framework/Versions/3.14/lib/python3.14/pathlib/__init__.py:809[39m, in [36mPath.write_text[39m[34m(self, data, encoding, errors, newline)[39m
[32m    806[39m [38;5;28;01mif[39;00m [38;5;129;01mnot[39;00m [38;5;28misinstance[39m(data, [38;5;28mstr[39m):
[32m    807[39m     [38;5;28;01mraise[39;00m [38;5;167;01mTypeError[39;00m([33m'[39m[33mdata must be str, not [39m[38;5;132;01m%s[39;00m[33m'[39m %
[32m    808[39m                     data.[34m__class__[39m.[34m__name__[39m)
[32m--> [39m[32m809[39m [38;5;28;01mwith[39;00m [38;5;28;43mself[39;49m[43m.[49m[43mopen[49m[43m([49m[43mmode[49m[43m=[49m[33;43m'[39;49m[33;43mw[39;49m[33;43m'[39;49m[43m,[49m[43m [49m[43mencoding[49m[43m=[49m[43mencoding[49m[43m,[49m[43m [49m[43merrors[49m[43m=[49m[43merrors[49m[43m,[49m[43m [49m[43mnewline[49m[43m=[49m[43mnewline[49m[43m)[49m [38;5;28;01mas[39;00m f:
[32m    810[39m     [38;5;28;01mreturn[39;00m f.write(data)

[36mFile [39m[32m/usr/local/Cellar/python@3.14/3.14.3_1/Frameworks/Python.framework/Versions/3.14/lib/python3.14/pathlib/__init__.py:771[39m, in [36mPath.open[39m[34m(self, mode, buffering, encoding, errors, newline)[39m
[32m    769[39m [38;5;28;01mif[39;00m [33m"[39m[33mb[39m[33m"[39m [38;5;129;01mnot[39;00m [38;5;129;01min[39;00m mode:
[32m    770[39m     encoding = io.text_encoding(encoding)
[32m--> [39m[32m771[39m [38;5;28;01mreturn[39;00m [43mio[49m[43m.[49m[43mopen[49m[43m([49m[38;5;28;43mself[39;49m[43m,[49m[43m [49m[43mmode[49m[43m,[49m[43m [49m[43mbuffering[49m[43m,[49m[43m [49m[43mencoding[49m[43m,[49m[43m [49m[43merrors[49m[43m,[49m[43m [49m[43mnewline[49m[43m)[49m

[31mFileNotFoundError[39m: [Errno 2] No such file or directory: 'plots/vektorwertige_funktion.html'

