Traceback (most recent call last):
  File "/Users/slinden/S&L/14 UAS Frankfurt/03 SoSe26/99 Skript/venv/lib/python3.14/site-packages/jupyter_cache/executors/utils.py", line 58, in single_nb_execution
    executenb(
    ~~~~~~~~~^
        nb,
        ^^^
    ...<4 lines>...
        **kwargs,
        ^^^^^^^^^
    )
    ^
  File "/Users/slinden/S&L/14 UAS Frankfurt/03 SoSe26/99 Skript/venv/lib/python3.14/site-packages/nbclient/client.py", line 1323, in execute
    return NotebookClient(nb=nb, resources=resources, km=km, **kwargs).execute()
           ~~~~~~~~~~~~~~~~~~~~~~~~~~~~~~~~~~~~~~~~~~~~~~~~~~~~~~~~~~~~~~~~~~~^^
  File "/Users/slinden/S&L/14 UAS Frankfurt/03 SoSe26/99 Skript/venv/lib/python3.14/site-packages/jupyter_core/utils/__init__.py", line 165, in wrapped
    return loop.run_until_complete(inner)
           ~~~~~~~~~~~~~~~~~~~~~~~^^^^^^^
  File "/usr/local/Cellar/python@3.14/3.14.3_1/Frameworks/Python.framework/Versions/3.14/lib/python3.14/asyncio/base_events.py", line 719, in run_until_complete
    return future.result()
           ~~~~~~~~~~~~~^^
  File "/Users/slinden/S&L/14 UAS Frankfurt/03 SoSe26/99 Skript/venv/lib/python3.14/site-packages/nbclient/client.py", line 709, in async_execute
    await self.async_execute_cell(
        cell, index, execution_count=self.code_cells_executed + 1
    )
  File "/Users/slinden/S&L/14 UAS Frankfurt/03 SoSe26/99 Skript/venv/lib/python3.14/site-packages/nbclient/client.py", line 1062, in async_execute_cell
    await self._check_raise_for_error(cell, cell_index, exec_reply)
  File "/Users/slinden/S&L/14 UAS Frankfurt/03 SoSe26/99 Skript/venv/lib/python3.14/site-packages/nbclient/client.py", line 918, in _check_raise_for_error
    raise CellExecutionError.from_cell_and_msg(cell, exec_reply_content)
nbclient.exceptions.CellExecutionError: An error occurred while executing the following cell:
------------------
import numpy as np
import plotly.graph_objects as go

# generate grid
r = np.linspace(0, 5, 101)
phi = np.linspace(0, 2*np.pi, 101)
grid_r, grid_phi = np.meshgrid(r, phi) 
x = grid_r * np.cos(grid_phi)
y = grid_r * np.sin(grid_phi)

# evaluate function
z = 0.5 * (x**2 + y**2) 

# plot
fig = go.Figure()
fig.add_trace(go.Surface(z=z, x=x, y=y, colorscale='viridis'))
fig.update_layout(title='Paraboloid f(x,y) = x² + y²', 
xaxis_title='x-Achse', yaxis_title='y-Achse')
------------------


[31m---------------------------------------------------------------------------[39m
[31mModuleNotFoundError[39m                       Traceback (most recent call last)
[36mCell[39m[36m [39m[32mIn[1][39m[32m, line 1[39m
[32m----> [39m[32m1[39m [38;5;28;01mimport[39;00m numpy [38;5;28;01mas[39;00m np
[32m      2[39m [38;5;28;01mimport[39;00m plotly.graph_objects [38;5;28;01mas[39;00m go
[32m      3[39m 
[32m      4[39m [38;5;66;03m# generate grid[39;00m

[31mModuleNotFoundError[39m: No module named 'numpy'

